This is pdfTeX, Version 3.141592653-2.6-1.40.22 (TeX Live 2022/dev/Debian) (preloaded format=pdflatex 2024.1.3)  18 FEB 2024 22:47
entering extended mode
 \write18 enabled.
 file:line:error style messages enabled.
 %&-line parsing enabled.
**"/home/sanji/Uni/Projects/pdfcompile/2023/EE/wrong assignment/A_1.tex"
(/home/sanji/Uni/Projects/pdfcompile/2023/EE/wrong assignment/A_1.tex
LaTeX2e <2021-11-15> patch level 1
L3 programming layer <2022-01-21>

/home/sanji/Uni/Projects/pdfcompile/2023/EE/wrong assignment/A_1.tex:69: LaTeX Error: Environment table undefined.

See the LaTeX manual or LaTeX Companion for explanation.
Type  H <return>  for immediate help.
 ...                                              
                                                  
l.69 \begin{table}
                  [h]
Your command was ignored.
Type  I <command> <return>  to replace it with another command,
or  <return>  to continue without it.


/home/sanji/Uni/Projects/pdfcompile/2023/EE/wrong assignment/A_1.tex:69: LaTeX Error: Missing \begin{document}.

See the LaTeX manual or LaTeX Companion for explanation.
Type  H <return>  for immediate help.
 ...                                              
                                                  
l.69 \begin{table}[
                   h]
You're in trouble here.  Try typing  <return>  to proceed.
If that doesn't work, type  X <return>  to quit.

Missing character: There is no [ in font nullfont!
Missing character: There is no h in font nullfont!
Missing character: There is no ] in font nullfont!

! LaTeX Error: File `2023/EE/wrong assignment/tables/Table.tex' not found.

Type X to quit or <RETURN> to proceed,
or enter new name. (Default extension: tex)

Enter file name: 
/home/sanji/Uni/Projects/pdfcompile/2023/EE/wrong assignment/A_1.tex:71: Emergency stop.
<read *> 
         
l.71 ...23/EE/"wrong assignment"/tables/Table.tex}
                                                  \label{tab: 1}^^M
*** (cannot \read from terminal in nonstop modes)

 
Here is how much of TeX's memory you used:
 21 strings out of 478287
 700 string characters out of 5849290
 289006 words of memory out of 5000000
 18315 multiletter control sequences out of 15000+600000
 469259 words of font info for 28 fonts, out of 8000000 for 9000
 1141 hyphenation exceptions out of 8191
 16i,0n,26p,203b,42s stack positions out of 5000i,500n,10000p,200000b,80000s
/home/sanji/Uni/Projects/pdfcompile/2023/EE/wrong assignment/A_1.tex:71:  ==> Fatal error occurred, no output PDF file produced!
